# JRE version: Java(TM) SE Runtime Environment (8.0_45-b15) (build 1.8.0_45-b15)
# Java VM: Java HotSpot(TM) 64-Bit Server VM (25.45-b02 mixed mode windows-amd64 compressed oops)
Heap:
 PSYoungGen      total 18944K, used 601K [0x00000000eb180000, 0x00000000ec680000, 0x0000000100000000)
  eden space 16384K, 3% used [0x00000000eb180000,0x00000000eb216480,0x00000000ec180000)
  from space 2560K, 0% used [0x00000000ec400000,0x00000000ec400000,0x00000000ec680000)
  to   space 2560K, 0% used [0x00000000ec180000,0x00000000ec180000,0x00000000ec400000)
 ParOldGen       total 25088K, used 5323K [0x00000000c1400000, 0x00000000c2c80000, 0x00000000eb180000)
  object space 25088K, 21% used [0x00000000c1400000,0x00000000c1932d20,0x00000000c2c80000)
 Metaspace       used 10582K, capacity 10744K, committed 10880K, reserved 1060864K
  class space    used 1283K, capacity 1380K, committed 1408K, reserved 1048576K
GC Heap History (6 events):
Event: 7.836 GC heap before
{Heap before GC invocations=1 (full 0):
 PSYoungGen      total 18944K, used 14436K [0x00000000eb180000, 0x00000000ec680000, 0x0000000100000000)
  eden space 16384K, 88% used [0x00000000eb180000,0x00000000ebf99280,0x00000000ec180000)
  from space 2560K, 0% used [0x00000000ec400000,0x00000000ec400000,0x00000000ec680000)
  to   space 2560K, 0% used [0x00000000ec180000,0x00000000ec180000,0x00000000ec400000)
 ParOldGen       total 44032K, used 0K [0x00000000c1400000, 0x00000000c3f00000, 0x00000000eb180000)
  object space 44032K, 0% used [0x00000000c1400000,0x00000000c1400000,0x00000000c3f00000)
 Metaspace       used 9017K, capacity 9156K, committed 9472K, reserved 1056768K
  class space    used 1061K, capacity 1154K, committed 1280K, reserved 1048576K
Event: 7.842 GC heap after
Heap after GC invocations=1 (full 0):
 PSYoungGen      total 18944K, used 2544K [0x00000000eb180000, 0x00000000ec680000, 0x0000000100000000)
  eden space 16384K, 0% used [0x00000000eb180000,0x00000000eb180000,0x00000000ec180000)
  from space 2560K, 99% used [0x00000000ec180000,0x00000000ec3fc010,0x00000000ec400000)
  to   space 2560K, 0% used [0x00000000ec400000,0x00000000ec400000,0x00000000ec680000)
 ParOldGen       total 44032K, used 120K [0x00000000c1400000, 0x00000000c3f00000, 0x00000000eb180000)
  object space 44032K, 0% used [0x00000000c1400000,0x00000000c141e000,0x00000000c3f00000)
 Metaspace       used 9017K, capacity 9156K, committed 9472K, reserved 1056768K
  class space    used 1061K, capacity 1154K, committed 1280K, reserved 1048576K
}
Event: 61.695 GC heap before
{Heap before GC invocations=2 (full 0):
 PSYoungGen      total 18944K, used 6300K [0x00000000eb180000, 0x00000000ec680000, 0x0000000100000000)
  eden space 16384K, 22% used [0x00000000eb180000,0x00000000eb52b348,0x00000000ec180000)
  from space 2560K, 99% used [0x00000000ec180000,0x00000000ec3fc010,0x00000000ec400000)
  to   space 2560K, 0% used [0x00000000ec400000,0x00000000ec400000,0x00000000ec680000)
 ParOldGen       total 44032K, used 120K [0x00000000c1400000, 0x00000000c3f00000, 0x00000000eb180000)
  object space 44032K, 0% used [0x00000000c1400000,0x00000000c141e000,0x00000000c3f00000)
 Metaspace       used 10388K, capacity 10520K, committed 10624K, reserved 1064960K
  class space    used 1267K, capacity 1348K, committed 1408K, reserved 1048576K
Event: 61.700 GC heap after
Heap after GC invocations=2 (full 0):
 PSYoungGen      total 18944K, used 2560K [0x00000000eb180000, 0x00000000ec680000, 0x0000000100000000)
  eden space 16384K, 0% used [0x00000000eb180000,0x00000000eb180000,0x00000000ec180000)
  from space 2560K, 100% used [0x00000000ec400000,0x00000000ec680000,0x00000000ec680000)
  to   space 2560K, 0% used [0x00000000ec180000,0x00000000ec180000,0x00000000ec400000)
 ParOldGen       total 44032K, used 2841K [0x00000000c1400000, 0x00000000c3f00000, 0x00000000eb180000)
  object space 44032K, 6% used [0x00000000c1400000,0x00000000c16c6710,0x00000000c3f00000)
 Metaspace       used 10388K, capacity 10520K, committed 10624K, reserved 1064960K
  class space    used 1267K, capacity 1348K, committed 1408K, reserved 1048576K
}
Event: 61.700 GC heap before
{Heap before GC invocations=3 (full 1):
 PSYoungGen      total 18944K, used 2560K [0x00000000eb180000, 0x00000000ec680000, 0x0000000100000000)
  eden space 16384K, 0% used [0x00000000eb180000,0x00000000eb180000,0x00000000ec180000)
  from space 2560K, 100% used [0x00000000ec400000,0x00000000ec680000,0x00000000ec680000)
  to   space 2560K, 0% used [0x00000000ec180000,0x00000000ec180000,0x00000000ec400000)
 ParOldGen       total 44032K, used 2841K [0x00000000c1400000, 0x00000000c3f00000, 0x00000000eb180000)
  object space 44032K, 6% used [0x00000000c1400000,0x00000000c16c6710,0x00000000c3f00000)
 Metaspace       used 10388K, capacity 10520K, committed 10624K, reserved 1064960K
  class space    used 1267K, capacity 1348K, committed 1408K, reserved 1048576K
Event: 61.721 GC heap after
Heap after GC invocations=3 (full 1):
 PSYoungGen      total 18944K, used 0K [0x00000000eb180000, 0x00000000ec680000, 0x0000000100000000)
  eden space 16384K, 0% used [0x00000000eb180000,0x00000000eb180000,0x00000000ec180000)
  from space 2560K, 0% used [0x00000000ec400000,0x00000000ec400000,0x00000000ec680000)
  to   space 2560K, 0% used [0x00000000ec180000,0x00000000ec180000,0x00000000ec400000)
 ParOldGen       total 25088K, used 5323K [0x00000000c1400000, 0x00000000c2c80000, 0x00000000eb180000)
  object space 25088K, 21% used [0x00000000c1400000,0x00000000c1932d20,0x00000000c2c80000)
 Metaspace       used 10388K, capacity 10520K, committed 10624K, reserved 1060864K
  class space    used 1267K, capacity 1348K, committed 1408K, reserved 1048576K
}

